2017-07-17 22:35:28.004 INFO  com.liudong.business.beadhousebusiness.BeadhouseCommentBuisiness.BeadhouseCommentBusiness 73 getCommentScore -- http://127.0.0.1:8000/getcommentscore?sentence=%E8%BF%99%E5%AE%B6%E5%85%BB%E8%80%81%E9%99%A2%E4%B8%8D%E9%94%99%E5%95%8A
2017-07-17 22:35:31.495 ERROR com.liudong.business.beadhousebusiness.BeadhouseCommentBuisiness.BeadhouseCommentBusiness 59 addComment -- org.springframework.dao.InvalidDataAccessResourceUsageException: could not extract ResultSet; SQL [n/a]; nested exception is org.hibernate.exception.SQLGrammarException: could not extract ResultSet
2017-08-21 16:37:47.287 ERROR com.liudong.business.beadhousebusiness.BeadhouseCommentBusiness 59 addComment -- org.springframework.dao.InvalidDataAccessResourceUsageException: could not extract ResultSet; SQL [n/a]; nested exception is org.hibernate.exception.SQLGrammarException: could not extract ResultSet
2017-08-21 16:40:23.448 ERROR com.liudong.business.beadhousebusiness.BeadhouseCommentBusiness 59 addComment -- org.springframework.dao.InvalidDataAccessResourceUsageException: could not extract ResultSet; SQL [n/a]; nested exception is org.hibernate.exception.SQLGrammarException: could not extract ResultSet
2017-08-21 16:41:55.061 ERROR com.liudong.business.beadhousebusiness.BeadhouseCommentBusiness 59 addComment -- org.springframework.dao.InvalidDataAccessResourceUsageException: could not extract ResultSet; SQL [n/a]; nested exception is org.hibernate.exception.SQLGrammarException: could not extract ResultSet
2017-08-21 16:42:51.778 ERROR com.liudong.business.beadhousebusiness.BeadhouseCommentBusiness 59 addComment -- org.springframework.dao.InvalidDataAccessResourceUsageException: could not extract ResultSet; SQL [n/a]; nested exception is org.hibernate.exception.SQLGrammarException: could not extract ResultSet
2017-08-21 16:44:13.258 ERROR com.liudong.business.beadhousebusiness.BeadhouseCommentBusiness 59 addComment -- org.springframework.dao.InvalidDataAccessResourceUsageException: could not extract ResultSet; SQL [n/a]; nested exception is org.hibernate.exception.SQLGrammarException: could not extract ResultSet
2017-08-21 16:52:23.221 ERROR com.liudong.business.beadhousebusiness.BeadhouseCommentBuisiness.BeadhouseCommentBusiness 45 addComment -- org.springframework.dao.InvalidDataAccessResourceUsageException: could not extract ResultSet; SQL [n/a]; nested exception is org.hibernate.exception.SQLGrammarException: could not extract ResultSet
2017-08-21 16:52:23.227 ERROR com.liudong.business.beadhousebusiness.BeadhouseCommentBuisiness.GetScoreThread 40 run -- com.liudong.business.beadhousebusiness.BeadhouseCommentBuisiness.GetScoreThread 78 getCommentScore
com.liudong.business.beadhousebusiness.BeadhouseCommentBuisiness.GetScoreThread 32 run
java.lang.Thread 748 run

2017-08-21 16:52:23.256 ERROR com.liudong.business.beadhousebusiness.BeadhouseCommentBuisiness.GetScoreThread 47 run -- org.springframework.dao.InvalidDataAccessResourceUsageException: could not extract ResultSet; SQL [n/a]; nested exception is org.hibernate.exception.SQLGrammarException: could not extract ResultSet
2017-08-21 16:57:57.703 ERROR com.liudong.business.beadhousebusiness.BeadhouseCommentBuisiness.BeadhouseCommentBusiness 45 addComment -- org.springframework.dao.InvalidDataAccessResourceUsageException: could not extract ResultSet; SQL [n/a]; nested exception is org.hibernate.exception.SQLGrammarException: could not extract ResultSet
2017-08-21 16:57:57.705 INFO  com.liudong.business.beadhousebusiness.BeadhouseCommentBuisiness.GetScoreThread 78 getCommentScore -- =====Excetpion=====null
2017-08-21 16:57:57.731 ERROR com.liudong.business.beadhousebusiness.BeadhouseCommentBuisiness.GetScoreThread 47 run -- org.springframework.dao.InvalidDataAccessResourceUsageException: could not extract ResultSet; SQL [n/a]; nested exception is org.hibernate.exception.SQLGrammarException: could not extract ResultSet
2017-08-21 17:51:02.587 ERROR com.liudong.business.beadhousebusiness.BeadhouseCommentBuisiness.BeadhouseCommentBusiness 49 addComment -- org.springframework.dao.InvalidDataAccessResourceUsageException: could not extract ResultSet; SQL [n/a]; nested exception is org.hibernate.exception.SQLGrammarException: could not extract ResultSet
2017-08-21 17:51:02.607 INFO  com.liudong.business.beadhousebusiness.BeadhouseCommentBuisiness.GetScoreThread 78 getCommentScore -- =====Excetpion=====null
2017-08-21 17:51:02.658 ERROR com.liudong.business.beadhousebusiness.BeadhouseCommentBuisiness.GetScoreThread 47 run -- org.springframework.dao.InvalidDataAccessResourceUsageException: could not extract ResultSet; SQL [n/a]; nested exception is org.hibernate.exception.SQLGrammarException: could not extract ResultSet
2017-08-21 17:55:13.709 INFO  com.liudong.business.beadhousebusiness.BeadhouseCommentBuisiness.GetScoreThread 78 getCommentScore -- =====Excetpion=====null
2017-08-21 17:57:55.134 INFO  com.liudong.business.beadhousebusiness.BeadhouseCommentBuisiness.GetScoreThread 78 getCommentScore -- =====Excetpion=====null
2017-08-21 18:02:07.059 INFO  com.liudong.business.beadhousebusiness.BeadhouseCommentBuisiness.GetScoreThread 79 getCommentScore -- =====Excetpion=====[Ljava.lang.StackTraceElement;@6f6787d7
