2017-11-25 22:25:29.220 main.java.com.beadhouse.controller.user.VipUserController getUserName 69
2017-11-25 22:25:29.644 main.java.com.beadhouse.controller.user.IndexController getIndexBeadhouseInfo 123
2017-11-25 22:26:12.052 main.java.com.beadhouse.controller.user.VipUserController getUserName 0
2017-11-25 22:26:13.006 main.java.com.beadhouse.controller.user.IndexController getIndexBeadhouseInfo 769
2017-11-25 22:26:19.203 main.java.com.beadhouse.controller.dynamicbusiness.HTMLViewController addPage 8
2017-11-25 22:26:26.853 main.java.com.beadhouse.controller.dynamicbusiness.HTMLViewController submitAdd 210
2017-11-25 22:26:26.920 main.java.com.beadhouse.controller.dynamicbusiness.HTMLViewController getViewEdit 14
2017-11-25 22:26:27.230 main.java.com.beadhouse.controller.dynamicbusiness.HTMLViewController editHTMLDom 42
2017-11-25 22:26:47.522 main.java.com.beadhouse.controller.dynamicbusiness.HTMLViewController submitChanges 101
2017-11-25 22:27:04.257 main.java.com.beadhouse.controller.dynamicbusiness.HTMLViewController getViewEdit 0
2017-11-25 22:27:04.425 main.java.com.beadhouse.controller.dynamicbusiness.HTMLViewController editHTMLDom 1
2017-11-25 22:27:24.746 main.java.com.beadhouse.controller.dynamicbusiness.HTMLViewController submitChanges 4
2017-11-25 22:28:13.363 main.java.com.beadhouse.controller.dynamicbusiness.HTMLViewController submitChanges 4
2017-11-25 22:43:36.345 main.java.com.beadhouse.controller.user.VipUserController getUserName 58
2017-11-25 22:43:36.893 main.java.com.beadhouse.controller.user.IndexController getIndexBeadhouseInfo 296
2017-11-25 22:44:47.246 main.java.com.beadhouse.controller.dynamicbusiness.HTMLViewController getViewEdit 9
2017-11-25 22:44:48.405 main.java.com.beadhouse.controller.dynamicbusiness.HTMLViewController editHTMLDom 22
2017-11-25 22:44:52.304 main.java.com.beadhouse.controller.dynamicbusiness.HTMLViewController addPage 0
2017-11-25 22:44:59.900 main.java.com.beadhouse.controller.dynamicbusiness.HTMLViewController submitAdd 246
2017-11-25 22:44:59.929 main.java.com.beadhouse.controller.dynamicbusiness.HTMLViewController getViewEdit 0
2017-11-25 22:45:00.184 main.java.com.beadhouse.controller.dynamicbusiness.HTMLViewController editHTMLDom 21
2017-11-25 22:45:28.475 main.java.com.beadhouse.controller.dynamicbusiness.HTMLViewController submitChanges 104
2017-11-25 22:45:43.378 main.java.com.beadhouse.controller.dynamicbusiness.HTMLViewController getViewEdit 0
2017-11-25 22:45:43.962 main.java.com.beadhouse.controller.dynamicbusiness.HTMLViewController editHTMLDom 12
2017-11-25 22:45:48.380 main.java.com.beadhouse.controller.dynamicbusiness.HTMLViewController addPage 0
2017-11-25 22:45:50.879 main.java.com.beadhouse.controller.dynamicbusiness.HTMLViewController submitAdd 4
2017-11-25 22:45:54.777 main.java.com.beadhouse.controller.dynamicbusiness.HTMLViewController submitAdd 52
2017-11-25 22:45:57.613 main.java.com.beadhouse.controller.dynamicbusiness.HTMLViewController submitAdd 3
2017-11-25 22:46:00.457 main.java.com.beadhouse.controller.dynamicbusiness.HTMLViewController submitAdd 16
2017-11-25 22:46:00.461 main.java.com.beadhouse.controller.dynamicbusiness.HTMLViewController getViewEdit 0
2017-11-25 22:46:00.679 main.java.com.beadhouse.controller.dynamicbusiness.HTMLViewController editHTMLDom 1
2017-11-25 22:46:25.261 main.java.com.beadhouse.controller.dynamicbusiness.HTMLViewController submitChanges 3
2017-11-25 23:00:00.931 main.java.com.beadhouse.controller.user.VipUserController getUserName 33
2017-11-25 23:00:01.608 main.java.com.beadhouse.controller.user.IndexController getIndexBeadhouseInfo 341
2017-11-25 23:06:13.741 main.java.com.beadhouse.controller.dynamicbusiness.HTMLViewController addPage 9
2017-11-25 23:06:21.322 main.java.com.beadhouse.controller.dynamicbusiness.HTMLViewController submitAdd 230
2017-11-25 23:06:27.708 main.java.com.beadhouse.controller.dynamicbusiness.HTMLViewController submitAdd 26
2017-11-25 23:06:27.804 main.java.com.beadhouse.controller.dynamicbusiness.HTMLViewController getViewEdit 28
2017-11-25 23:06:28.081 main.java.com.beadhouse.controller.dynamicbusiness.HTMLViewController editHTMLDom 38
2017-11-25 23:06:45.953 main.java.com.beadhouse.controller.dynamicbusiness.HTMLViewController submitChanges 89
2017-11-25 23:07:06.954 main.java.com.beadhouse.controller.dynamicbusiness.HTMLViewController getViewEdit 0
2017-11-25 23:07:07.315 main.java.com.beadhouse.controller.dynamicbusiness.HTMLViewController editHTMLDom 3
2017-11-25 23:07:12.275 main.java.com.beadhouse.controller.dynamicbusiness.HTMLViewController addPage 0
2017-11-25 23:07:19.424 main.java.com.beadhouse.controller.dynamicbusiness.HTMLViewController submitAdd 17
2017-11-25 23:07:19.429 main.java.com.beadhouse.controller.dynamicbusiness.HTMLViewController getViewEdit 0
2017-11-25 23:07:19.574 main.java.com.beadhouse.controller.dynamicbusiness.HTMLViewController editHTMLDom 1
2017-11-25 23:07:39.383 main.java.com.beadhouse.controller.dynamicbusiness.HTMLViewController submitChanges 3
2017-11-25 23:09:51.815 main.java.com.beadhouse.controller.dynamicbusiness.HTMLViewController submitChanges 5
2017-11-25 23:13:48.386 main.java.com.beadhouse.controller.user.VipUserController getUserName 46
2017-11-25 23:13:48.749 main.java.com.beadhouse.controller.user.IndexController getIndexBeadhouseInfo 274
2017-11-25 23:14:07.011 main.java.com.beadhouse.controller.dynamicbusiness.HTMLViewController addPage 6
2017-11-25 23:14:25.705 main.java.com.beadhouse.controller.dynamicbusiness.HTMLViewController submitAdd 186
2017-11-25 23:14:30.046 main.java.com.beadhouse.controller.dynamicbusiness.HTMLViewController submitAdd 3
2017-11-25 23:14:33.606 main.java.com.beadhouse.controller.dynamicbusiness.HTMLViewController submitAdd 26
2017-11-25 23:14:33.683 main.java.com.beadhouse.controller.dynamicbusiness.HTMLViewController getViewEdit 1
2017-11-25 23:14:33.915 main.java.com.beadhouse.controller.dynamicbusiness.HTMLViewController editHTMLDom 12
2017-11-25 23:15:05.753 main.java.com.beadhouse.controller.dynamicbusiness.HTMLViewController submitChanges 98
